<?xml version="1.0" encoding="UTF-8"?>
<!-- Generated by org.testng.reporters.JUnitReportReporter -->
<testsuite skipped="0" hostname="Gill" name="com.resolver.qa.testcase.HomeTestCase" tests="6" failures="0" timestamp="2022-06-24T16:32:26 EDT" time="13.294" errors="0">
  <testcase name="Test1" time="1.953" classname="com.resolver.qa.testcase.HomeTestCase"/>
  <system-out/>
  <testcase name="Test2" time="1.780" classname="com.resolver.qa.testcase.HomeTestCase"/>
  <system-out/>
  <testcase name="Test3" time="2.876" classname="com.resolver.qa.testcase.HomeTestCase"/>
  <system-out/>
  <testcase name="Test4" time="1.790" classname="com.resolver.qa.testcase.HomeTestCase"/>
  <system-out/>
  <testcase name="Test5" time="3.076" classname="com.resolver.qa.testcase.HomeTestCase"/>
  <system-out/>
  <testcase name="Test6" time="1.819" classname="com.resolver.qa.testcase.HomeTestCase"/>
  <system-out/>
</testsuite> <!-- com.resolver.qa.testcase.HomeTestCase -->
